INFO [02-04|08:08:55.159] Starting Geth on Ethereum mainnet...
INFO [02-04|08:08:55.159] Bumping default cache on mainnet         provided=1024 updated=4096
INFO [02-04|08:08:55.161] Maximum peer count                       ETH=0 total=0
INFO [02-04|08:08:55.163] Smartcard socket not found, disabling    err="stat /run/pcscd/pcscd.comm: no such file or directory"
DEBUG[02-04|08:08:55.163] FS scan times                            list="31.509µs" set=461ns diff=821ns
TRACE[02-04|08:08:55.163] Started watching keystore folder         path=/tmp/sgx-diag-test/keystore folder=/tmp/sgx-diag-test/keystore
DEBUG[02-04|08:08:55.165] Sanitizing Go's GC trigger               percent=25
INFO [02-04|08:08:55.166] Set global gas cap                       cap=50,000,000
INFO [02-04|08:08:55.166] Initializing the KZG library             backend=gokzg
INFO [02-04|08:08:55.169] Allocated trie memory caches             clean=614.00MiB dirty=1.00GiB
INFO [02-04|08:08:55.169] Using pebble as the backing database
INFO [02-04|08:08:55.169] Allocated cache and file handles         database=/tmp/sgx-diag-test/geth/chaindata cache=2.00GiB handles=32768
DEBUG[02-04|08:08:55.209] Verified index file                      items=1 elapsed="5.691µs"
DEBUG[02-04|08:08:55.209] Chain freezer table opened               database=/tmp/sgx-diag-test/geth/chaindata/ancient/chain table=headers items=0 size=0.00B
DEBUG[02-04|08:08:55.209] Verified index file                      items=1 elapsed="2.715µs"
DEBUG[02-04|08:08:55.209] Chain freezer table opened               database=/tmp/sgx-diag-test/geth/chaindata/ancient/chain table=hashes items=0 size=0.00B
DEBUG[02-04|08:08:55.210] Verified index file                      items=1 elapsed="2.615µs"
DEBUG[02-04|08:08:55.210] Chain freezer table opened               database=/tmp/sgx-diag-test/geth/chaindata/ancient/chain table=bodies items=0 size=0.00B
DEBUG[02-04|08:08:55.210] Verified index file                      items=1 elapsed="2.745µs"
DEBUG[02-04|08:08:55.210] Chain freezer table opened               database=/tmp/sgx-diag-test/geth/chaindata/ancient/chain table=receipts items=0 size=0.00B
INFO [02-04|08:08:55.210] Opened ancient database                  database=/tmp/sgx-diag-test/geth/chaindata/ancient/chain readonly=false
INFO [02-04|08:08:55.210] Opened Era store                         datadir=/tmp/sgx-diag-test/geth/chaindata/ancient/chain/era
INFO [02-04|08:08:55.211] State schema set to default              scheme=path
INFO [02-04|08:08:55.211] "=== Initializing SGX Consensus Engine ==="
INFO [02-04|08:08:55.211] SGX Configuration                        period=1 epoch=30000 governance=0x1234567890123456789012345678901234567890 security=0x2345678901234567890123456789012345678901 incentive=0x0000000000000000000000000000000000000000
INFO [02-04|08:08:55.211] Loading Module 01: SGX Attestation
INFO [02-04|08:08:55.211] Loading Module 02: SGX Consensus Engine
INFO [02-04|08:08:55.211] Loading Module 03: Incentive Mechanism
INFO [02-04|08:08:55.211] Loading Module 04: Precompiled Contracts (0x8000-0x8009)
INFO [02-04|08:08:55.211] Loading Module 05: Governance System
INFO [02-04|08:08:55.211] Loading Module 06: Encrypted Storage
INFO [02-04|08:08:55.211] Loading Module 07: Gramine Integration
INFO [02-04|08:08:55.211] "=== Initializing SGX Consensus Engine ==="
INFO [02-04|08:08:55.211] Running in TEST MODE (non-Gramine)
INFO [02-04|08:08:55.211] Step 1: Reading configuration from environment variables...
INFO [02-04|08:08:55.211] Loaded config from test environment (SGX_TEST_MODE)
INFO [02-04|08:08:55.211] "✓ Configuration loaded from environment" governance=0x1234567890123456789012345678901234567890 security=0x2345678901234567890123456789012345678901 nodeType=
INFO [02-04|08:08:55.211] Contract addresses                       governance=0x1234567890123456789012345678901234567890 security=0x2345678901234567890123456789012345678901 incentive=0x0000000000000000000000000000000000000000
INFO [02-04|08:08:55.211] SGX Configuration                        period=1 epoch=30000
INFO [02-04|08:08:55.211] Step 3: Loading SGX modules...
INFO [02-04|08:08:55.211] Loading Module 01: SGX Attestation
INFO [02-04|08:08:55.211] Loading Module 02: SGX Consensus Engine
INFO [02-04|08:08:55.211] Loading Module 03: Incentive Mechanism
INFO [02-04|08:08:55.211] Loading Module 04: Precompiled Contracts (0x8000-0x8009)
INFO [02-04|08:08:55.211] Loading Module 05: Governance System
INFO [02-04|08:08:55.211] Loading Module 06: Encrypted Storage
INFO [02-04|08:08:55.211] Loading Module 07: Gramine Integration
INFO [02-04|08:08:55.211] Step 4: Initializing SGX attestation...
DEBUG[02-04|08:08:55.215] Current full block not old enough to freeze err="freezing threshold is not available"
INFO [02-04|08:08:55.219] MRSIGNER not available from attestation device, will extract from quote error="MRSIGNER not available - extract from Quote"
INFO [02-04|08:08:55.219] Step 5: Loading whitelist from security config contract...
INFO [02-04|08:08:55.219] Whitelist loading from genesis alloc storage contract=0x2345678901234567890123456789012345678901 note="Use governance contract to populate whitelist"
WARN [02-04|08:08:55.219] Whitelist is empty in contract storage
INFO [02-04|08:08:55.219] Use governance contract to add MRENCLAVE/MRSIGNER entries
INFO [02-04|08:08:55.219] System will accept blocks after whitelist is populated via governance
INFO [02-04|08:08:55.219] "=== SGX Consensus Engine Initialized ==="
INFO [02-04|08:08:55.219] "Architecture: Manifest(contract addr) → Contract Storage(whitelist) → Governance(updates)"
INFO [02-04|08:08:55.219] "=== SGX Consensus Engine Initialized ==="
INFO [02-04|08:08:55.219] Initialising Ethereum protocol           network=1337 dbversion=<nil>
WARN [02-04|08:08:55.219] Sanitizing invalid node buffer size      provided=1.00GiB updated=256.00MiB
INFO [02-04|08:08:55.219] Load database journal from disk
DEBUG[02-04|08:08:55.226] Verified index file                      items=1 elapsed="5.139µs"
DEBUG[02-04|08:08:55.227] Chain freezer table opened               database=/tmp/sgx-diag-test/geth/chaindata/ancient/state table=history.meta items=0 size=0.00B
DEBUG[02-04|08:08:55.227] Verified index file                      items=1 elapsed="4.679µs"
DEBUG[02-04|08:08:55.227] Chain freezer table opened               database=/tmp/sgx-diag-test/geth/chaindata/ancient/state table=account.index items=0 size=0.00B
DEBUG[02-04|08:08:55.227] Verified index file                      items=1 elapsed="4.939µs"
DEBUG[02-04|08:08:55.228] Chain freezer table opened               database=/tmp/sgx-diag-test/geth/chaindata/ancient/state table=storage.index items=0 size=0.00B
DEBUG[02-04|08:08:55.228] Verified index file                      items=1 elapsed="2.715µs"
DEBUG[02-04|08:08:55.228] Chain freezer table opened               database=/tmp/sgx-diag-test/geth/chaindata/ancient/state table=account.data items=0 size=0.00B
DEBUG[02-04|08:08:55.229] Verified index file                      items=1 elapsed="5.1µs"
DEBUG[02-04|08:08:55.229] Chain freezer table opened               database=/tmp/sgx-diag-test/geth/chaindata/ancient/state table=storage.data items=0 size=0.00B
INFO [02-04|08:08:55.229] Opened ancient database                  database=/tmp/sgx-diag-test/geth/chaindata/ancient/state readonly=false
INFO [02-04|08:08:55.229] Initialized path database                triecache=614.00MiB statecache=409.00MiB buffer=256.00MiB state-history="last 90000 blocks" journal-dir=/tmp/sgx-diag-test/geth/triedb
INFO [02-04|08:08:55.229] 
INFO [02-04|08:08:55.229] ---------------------------------------------------------------------------------------------------------------------------------------------------------
INFO [02-04|08:08:55.229] Chain ID:  1337 (unknown)
INFO [02-04|08:08:55.229] Consensus: unknown
INFO [02-04|08:08:55.229] 
INFO [02-04|08:08:55.229] Pre-Merge hard forks (block based):
INFO [02-04|08:08:55.229]  - Homestead:                   #0       
INFO [02-04|08:08:55.229]  - Tangerine Whistle (EIP 150): #<nil>
INFO [02-04|08:08:55.229]  - Spurious Dragon/1 (EIP 155): #<nil>
INFO [02-04|08:08:55.229]  - Spurious Dragon/2 (EIP 158): #<nil>
INFO [02-04|08:08:55.229]  - Byzantium:                   #<nil>
INFO [02-04|08:08:55.229]  - Constantinople:              #<nil>
INFO [02-04|08:08:55.229]  - Petersburg:                  #<nil>
INFO [02-04|08:08:55.229]  - Istanbul:                    #<nil>
INFO [02-04|08:08:55.229]  - Berlin:                      #<nil>
INFO [02-04|08:08:55.229]  - London:                      #<nil>
INFO [02-04|08:08:55.229] 
INFO [02-04|08:08:55.229] Merge configured:
INFO [02-04|08:08:55.229]  - Total terminal difficulty:  <nil>
INFO [02-04|08:08:55.229] 
INFO [02-04|08:08:55.229] Post-Merge hard forks (timestamp based):
INFO [02-04|08:08:55.229] 
INFO [02-04|08:08:55.229] All fork specifications can be found at https://ethereum.github.io/execution-specs/src/ethereum/forks/
INFO [02-04|08:08:55.229] 
INFO [02-04|08:08:55.229] ---------------------------------------------------------------------------------------------------------------------------------------------------------
INFO [02-04|08:08:55.229] 
INFO [02-04|08:08:55.229] Loaded most recent local block           number=0 hash=567e85..683dd4 age=56y10mo4w
INFO [02-04|08:08:55.230] Initialized transaction indexer          range="last 2350000 blocks"
DEBUG[02-04|08:08:55.291] Blobpool tip threshold updated           tip=1
INFO [02-04|08:08:55.292] Enabled snap-sync                        head=0 hash=567e85..683dd4
INFO [02-04|08:08:55.292] Gasprice oracle is ignoring threshold set threshold=2
INFO [02-04|08:08:55.293] Registered sync override service
WARN [02-04|08:08:55.293] Engine API started but chain not configured for merge yet
INFO [02-04|08:08:55.293] Starting peer-to-peer node               instance=Geth/v1.17.0-unstable-c5974da4-20260204/linux-amd64/go1.24.12
DEBUG[02-04|08:08:55.298] TCP listener up                          addr=[::]:30303
DEBUG[02-04|08:08:55.298] Couldn't get external IP                 err="no any router discovered"            interface=any
TRACE[02-04|08:08:55.298] Attempting port mapping                  proto=TCP extport=0 intport=30303 interface=any
DEBUG[02-04|08:08:55.298] Couldn't add port mapping                proto=TCP extport=0 intport=30303 interface=any err="no any router discovered"
DEBUG[02-04|08:08:55.299] IPCs registered                          namespaces=admin,debug,web3,eth,txpool,miner,net,engine
INFO [02-04|08:08:55.299] IPC endpoint opened                      url=/tmp/sgx-diag-test/geth.ipc
INFO [02-04|08:08:55.299] New local node record                    seq=1,770,192,535,298 id=3ce06a8e747fdde8 ip=127.0.0.1 udp=0 tcp=30303
INFO [02-04|08:08:55.299] Generated JWT secret                     path=/tmp/sgx-diag-test/geth/jwtsecret
INFO [02-04|08:08:55.299] Started P2P networking                   self="enode://d9f4fb2e8294e44c3bd3e624872c2461f1a882452067e5b0aacca7e7ac459c09352eca10e5df5ff9e8146deb7abfd10cb053f44fa9819882b89a9a4a5dc46a21@127.0.0.1:30303?discport=0"
DEBUG[02-04|08:08:55.299] Allowed origin(s) for WS RPC interface [localhost]
INFO [02-04|08:08:55.299] HTTP server started                      endpoint=127.0.0.1:8545 auth=false prefix= cors= vhosts=localhost
INFO [02-04|08:08:55.300] WebSocket enabled                        url=ws://127.0.0.1:8551
INFO [02-04|08:08:55.300] HTTP server started                      endpoint=127.0.0.1:8551 auth=true  prefix= cors=localhost vhosts=localhost
INFO [02-04|08:08:55.300] SGX engine detected, initializing block producer
INFO [02-04|08:08:55.300] SGX block producer started successfully
INFO [02-04|08:08:55.300] Started log indexer
INFO [02-04|08:09:00.142] Got interrupt, shutting down...
DEBUG[02-04|08:09:00.142] RPC server shutting down
INFO [02-04|08:09:00.142] HTTP server stopped                      endpoint=127.0.0.1:8545
DEBUG[02-04|08:09:00.142] RPC server shutting down
DEBUG[02-04|08:09:00.142] RPC server shutting down
INFO [02-04|08:09:00.142] HTTP server stopped                      endpoint=127.0.0.1:8551
DEBUG[02-04|08:09:00.142] RPC server shutting down
INFO [02-04|08:09:00.142] IPC endpoint closed                      url=/tmp/sgx-diag-test/geth.ipc
DEBUG[02-04|08:09:00.142] RPC server shutting down
DEBUG[02-04|08:09:00.142] RPC connection read error                err=EOF
INFO [02-04|08:09:00.143] Ethereum protocol stopped
INFO [02-04|08:09:00.143] Transaction pool stopped
INFO [02-04|08:09:00.143] Persisting dirty state                   root=56e81f..63b421 layers=0
DEBUG[02-04|08:09:00.146] Journaled pathdb disk layer              root=56e81f..63b421 id=0
INFO [02-04|08:09:00.147] Persisted dirty state to file            path=/tmp/sgx-diag-test/geth/triedb/merkle.journal size=74.00B elapsed=4.264ms
INFO [02-04|08:09:00.150] Blockchain stopped
TRACE[02-04|08:09:00.152] P2P networking is spinning down
