INFO [02-11|23:42:55.142] Maximum peer count                       ETH=0 total=0
INFO [02-11|23:42:55.143] Smartcard socket not found, disabling    err="stat /run/pcscd/pcscd.comm: no such file or directory"
INFO [02-11|23:42:55.147] Set global gas cap                       cap=50,000,000
WARN [02-11|23:42:55.147] Setting network ID with command-line flag id=1337
INFO [02-11|23:42:55.147] Initializing the KZG library             backend=gokzg
INFO [02-11|23:42:55.149] Allocated trie memory caches             clean=154.00MiB dirty=256.00MiB
INFO [02-11|23:42:55.149] Using pebble as the backing database
INFO [02-11|23:42:55.149] Allocated cache and file handles         database=/tmp/geth-test-final/geth/chaindata cache=512.00MiB handles=32768
INFO [02-11|23:42:55.155] Opened ancient database                  database=/tmp/geth-test-final/geth/chaindata/ancient/chain readonly=false
INFO [02-11|23:42:55.155] Opened Era store                         datadir=/tmp/geth-test-final/geth/chaindata/ancient/chain/era
INFO [02-11|23:42:55.155] State scheme set to already existing     scheme=path
INFO [02-11|23:42:55.164] "=== Initializing SGX Consensus Engine ==="
INFO [02-11|23:42:55.164] SGX Configuration                        period=15 epoch=30000 governance=0x0000000000000000000000000000000000000000 security=0x0000000000000000000000000000000000000000 incentive=0x0000000000000000000000000000000000000000
INFO [02-11|23:42:55.164] Loading Module 01: SGX Attestation
INFO [02-11|23:42:55.164] Loading Module 02: SGX Consensus Engine
INFO [02-11|23:42:55.164] Loading Module 03: Incentive Mechanism
INFO [02-11|23:42:55.164] Loading Module 04: Precompiled Contracts (0x8000-0x8009)
INFO [02-11|23:42:55.164] Loading Module 05: Governance System
INFO [02-11|23:42:55.164] Loading Module 06: Encrypted Storage
INFO [02-11|23:42:55.164] Loading Module 07: Gramine Integration
INFO [02-11|23:42:55.164] "=== Initializing SGX Consensus Engine ==="
INFO [02-11|23:42:55.164] Running in TEST MODE (non-Gramine)
INFO [02-11|23:42:55.164] Step 1: Reading configuration from environment variables...
INFO [02-11|23:42:55.164] Loaded config from test environment (SGX_TEST_MODE)
INFO [02-11|23:42:55.164] "✓ Configuration loaded from environment" governance=0x1000000000000000000000000000000000000001 security=0x1000000000000000000000000000000000000002 nodeType=
INFO [02-11|23:42:55.164] Contract addresses                       governance=0x1000000000000000000000000000000000000001 security=0x1000000000000000000000000000000000000002 incentive=0x0000000000000000000000000000000000000000
INFO [02-11|23:42:55.164] SGX Configuration                        period=15 epoch=30000
INFO [02-11|23:42:55.164] Step 3: Loading SGX modules...
INFO [02-11|23:42:55.164] Loading Module 01: SGX Attestation
INFO [02-11|23:42:55.164] Loading Module 02: SGX Consensus Engine
INFO [02-11|23:42:55.164] Loading Module 03: Incentive Mechanism
INFO [02-11|23:42:55.164] Loading Module 04: Precompiled Contracts (0x8000-0x8009)
INFO [02-11|23:42:55.164] Loading Module 05: Governance System
INFO [02-11|23:42:55.164] Loading Module 06: Encrypted Storage
INFO [02-11|23:42:55.164] Loading Module 07: Gramine Integration
INFO [02-11|23:42:55.164] Step 4: Initializing SGX attestation...
INFO [02-11|23:42:55.168] MRSIGNER not available from attestation device, will extract from quote error="MRSIGNER not available - extract from Quote"
INFO [02-11|23:42:55.168] Step 5: Loading whitelist from security config contract...
INFO [02-11|23:42:55.168] Whitelist loading from genesis alloc storage contract=0x1000000000000000000000000000000000000002 note="Use governance contract to populate whitelist"
WARN [02-11|23:42:55.168] Whitelist is empty in contract storage
INFO [02-11|23:42:55.168] Use governance contract to add MRENCLAVE/MRSIGNER entries
INFO [02-11|23:42:55.168] System will accept blocks after whitelist is populated via governance
INFO [02-11|23:42:55.168] "=== SGX Consensus Engine Initialized ==="
INFO [02-11|23:42:55.168] "Architecture: Manifest(contract addr) → Contract Storage(whitelist) → Governance(updates)"
INFO [02-11|23:42:55.168] "=== SGX Consensus Engine Initialized ==="
INFO [02-11|23:42:55.168] Initialising Ethereum protocol           network=1337 dbversion=<nil>
INFO [02-11|23:42:55.168] Load database journal from disk
INFO [02-11|23:42:55.168] Failed to load journal, discard it       err="journal not found"
INFO [02-11|23:42:55.170] Opened ancient database                  database=/tmp/geth-test-final/geth/chaindata/ancient/state readonly=false
INFO [02-11|23:42:55.170] Initialized path database                triecache=154.00MiB statecache=102.00MiB buffer=256.00MiB state-history="last 90000 blocks" journal-dir=/tmp/geth-test-final/geth/triedb
INFO [02-11|23:42:55.170] 
INFO [02-11|23:42:55.170] ---------------------------------------------------------------------------------------------------------------------------------------------------------
INFO [02-11|23:42:55.170] Chain ID:  762385986 (unknown)
INFO [02-11|23:42:55.170] Consensus: unknown
INFO [02-11|23:42:55.170] 
INFO [02-11|23:42:55.170] Pre-Merge hard forks (block based):
INFO [02-11|23:42:55.170]  - Homestead:                   #0       
INFO [02-11|23:42:55.170]  - Tangerine Whistle (EIP 150): #0       
INFO [02-11|23:42:55.170]  - Spurious Dragon/1 (EIP 155): #0       
INFO [02-11|23:42:55.170]  - Spurious Dragon/2 (EIP 158): #0       
INFO [02-11|23:42:55.170]  - Byzantium:                   #0       
INFO [02-11|23:42:55.170]  - Constantinople:              #0       
INFO [02-11|23:42:55.170]  - Petersburg:                  #0       
INFO [02-11|23:42:55.170]  - Istanbul:                    #0       
INFO [02-11|23:42:55.170]  - Berlin:                      #0       
INFO [02-11|23:42:55.170]  - London:                      #0       
INFO [02-11|23:42:55.170] 
INFO [02-11|23:42:55.170] Merge configured:
INFO [02-11|23:42:55.170]  - Total terminal difficulty:  <nil>
INFO [02-11|23:42:55.170] 
INFO [02-11|23:42:55.170] Post-Merge hard forks (timestamp based):
INFO [02-11|23:42:55.170] 
INFO [02-11|23:42:55.170] All fork specifications can be found at https://ethereum.github.io/execution-specs/src/ethereum/forks/
INFO [02-11|23:42:55.170] 
INFO [02-11|23:42:55.170] ---------------------------------------------------------------------------------------------------------------------------------------------------------
INFO [02-11|23:42:55.170] 
INFO [02-11|23:42:55.171] Loaded most recent local block           number=0 hash=ba0d34..327fb8 age=56y11mo5d
INFO [02-11|23:42:55.171] Initialized transaction indexer          range="last 2350000 blocks"
INFO [02-11|23:42:55.249] Enabled snap-sync                        head=0 hash=ba0d34..327fb8
INFO [02-11|23:42:55.249] Gasprice oracle is ignoring threshold set threshold=2
INFO [02-11|23:42:55.250] Registered sync override service
WARN [02-11|23:42:55.250] Engine API started but chain not configured for merge yet
INFO [02-11|23:42:55.250] Starting peer-to-peer node               instance=Geth/v1.17.0-unstable-4cf05344-20260204/linux-amd64/go1.24.12
INFO [02-11|23:42:55.254] IPC endpoint opened                      url=/tmp/geth-test-final/geth.ipc
INFO [02-11|23:42:55.254] Generated JWT secret                     path=/tmp/geth-test-final/geth/jwtsecret
INFO [02-11|23:42:55.255] New local node record                    seq=1,770,853,375,254 id=b3585967b6a9f9e5 ip=127.0.0.1 udp=0 tcp=30303
INFO [02-11|23:42:55.255] Started P2P networking                   self="enode://043636a1d9a6a2fa38f49d42c9a963cbe3374a8a9d3abab945b38dfaa189f805ea89b6588765b43a339d77a67cb981d10543cd3e80012f982ad3cebf66489cc6@127.0.0.1:30303?discport=0"
INFO [02-11|23:42:55.255] HTTP server started                      endpoint=127.0.0.1:8545 auth=false prefix= cors= vhosts=localhost
INFO [02-11|23:42:55.255] WebSocket enabled                        url=ws://127.0.0.1:8551
INFO [02-11|23:42:55.255] HTTP server started                      endpoint=127.0.0.1:8551 auth=true  prefix= cors=localhost vhosts=localhost
INFO [02-11|23:42:55.255] SGX engine detected, initializing block producer
INFO [02-11|23:42:55.255] BlockProducer: Starting produceLoop goroutine NOW
INFO [02-11|23:42:55.255] BlockProducer: Start() returning, goroutine launched
INFO [02-11|23:42:55.255] SGX block producer started successfully
INFO [02-11|23:42:55.255] BlockProducer: Goroutine started, calling produceLoop
INFO [02-11|23:42:55.255] BlockProducer: produceLoop started
INFO [02-11|23:42:55.255] Started log indexer
INFO [02-11|23:42:55.356] BlockProducer: tryProduceBlock heartbeat elapsed=100.319342ms pendingTxs=0
INFO [02-11|23:43:05.256] BlockProducer: tryProduceBlock heartbeat elapsed=10.00038659s pendingTxs=0
INFO [02-11|23:43:05.356] BlockProducer: tryProduceBlock heartbeat elapsed=10.10066995s pendingTxs=0
INFO [02-11|23:43:15.256] BlockProducer: tryProduceBlock heartbeat elapsed=20.000975688s pendingTxs=0
INFO [02-11|23:43:15.356] BlockProducer: tryProduceBlock heartbeat elapsed=20.10034092s  pendingTxs=0
INFO [02-11|23:43:17.152] Got interrupt, shutting down...
INFO [02-11|23:43:17.152] HTTP server stopped                      endpoint=127.0.0.1:8545
INFO [02-11|23:43:17.152] HTTP server stopped                      endpoint=127.0.0.1:8551
INFO [02-11|23:43:17.152] IPC endpoint closed                      url=/tmp/geth-test-final/geth.ipc
INFO [02-11|23:43:17.152] Ethereum protocol stopped
INFO [02-11|23:43:17.152] Transaction pool stopped
INFO [02-11|23:43:17.152] Persisting dirty state                   root=d5f378..2afefe layers=0
INFO [02-11|23:43:17.155] Persisted dirty state to file            path=/tmp/geth-test-final/geth/triedb/merkle.journal size=74.00B elapsed=2.974ms
INFO [02-11|23:43:17.157] Blockchain stopped
